Determining if the pthread_create exist failed with the following output:
Change Dir: /home/workspace/RoboND-DeepRL-Project/build/CMakeFiles/CMakeTmp

Run Build Command:"/usr/bin/make" "cmTC_35b2c/fast"
/usr/bin/make -f CMakeFiles/cmTC_35b2c.dir/build.make CMakeFiles/cmTC_35b2c.dir/build
make[1]: Entering directory '/home/workspace/RoboND-DeepRL-Project/build/CMakeFiles/CMakeTmp'
Building C object CMakeFiles/cmTC_35b2c.dir/CheckSymbolExists.c.o
/usr/bin/cc   -fPIC    -o CMakeFiles/cmTC_35b2c.dir/CheckSymbolExists.c.o   -c /home/workspace/RoboND-DeepRL-Project/build/CMakeFiles/CMakeTmp/CheckSymbolExists.c
Linking C executable cmTC_35b2c
/usr/local/bin/cmake -E cmake_link_script CMakeFiles/cmTC_35b2c.dir/link.txt --verbose=1
/usr/bin/cc -fPIC     -rdynamic CMakeFiles/cmTC_35b2c.dir/CheckSymbolExists.c.o  -o cmTC_35b2c 
CMakeFiles/cmTC_35b2c.dir/CheckSymbolExists.c.o: In function `main':
CheckSymbolExists.c:(.text+0x1b): undefined reference to `pthread_create'
collect2: error: ld returned 1 exit status
CMakeFiles/cmTC_35b2c.dir/build.make:86: recipe for target 'cmTC_35b2c' failed
make[1]: *** [cmTC_35b2c] Error 1
make[1]: Leaving directory '/home/workspace/RoboND-DeepRL-Project/build/CMakeFiles/CMakeTmp'
Makefile:121: recipe for target 'cmTC_35b2c/fast' failed
make: *** [cmTC_35b2c/fast] Error 2

File /home/workspace/RoboND-DeepRL-Project/build/CMakeFiles/CMakeTmp/CheckSymbolExists.c:
/* */
#include <pthread.h>

int main(int argc, char** argv)
{
  (void)argv;
#ifndef pthread_create
  return ((int*)(&pthread_create))[argc];
#else
  (void)argc;
  return 0;
#endif
}

Determining if the function pthread_create exists in the pthreads failed with the following output:
Change Dir: /home/workspace/RoboND-DeepRL-Project/build/CMakeFiles/CMakeTmp

Run Build Command:"/usr/bin/make" "cmTC_e5eba/fast"
/usr/bin/make -f CMakeFiles/cmTC_e5eba.dir/build.make CMakeFiles/cmTC_e5eba.dir/build
make[1]: Entering directory '/home/workspace/RoboND-DeepRL-Project/build/CMakeFiles/CMakeTmp'
Building C object CMakeFiles/cmTC_e5eba.dir/CheckFunctionExists.c.o
/usr/bin/cc   -fPIC -DCHECK_FUNCTION_EXISTS=pthread_create   -o CMakeFiles/cmTC_e5eba.dir/CheckFunctionExists.c.o   -c /usr/local/share/cmake-3.13/Modules/CheckFunctionExists.c
Linking C executable cmTC_e5eba
/usr/local/bin/cmake -E cmake_link_script CMakeFiles/cmTC_e5eba.dir/link.txt --verbose=1
/usr/bin/cc -fPIC -DCHECK_FUNCTION_EXISTS=pthread_create    -rdynamic CMakeFiles/cmTC_e5eba.dir/CheckFunctionExists.c.o  -o cmTC_e5eba -lpthreads 
/usr/bin/ld: cannot find -lpthreads
collect2: error: ld returned 1 exit status
CMakeFiles/cmTC_e5eba.dir/build.make:86: recipe for target 'cmTC_e5eba' failed
make[1]: *** [cmTC_e5eba] Error 1
make[1]: Leaving directory '/home/workspace/RoboND-DeepRL-Project/build/CMakeFiles/CMakeTmp'
Makefile:121: recipe for target 'cmTC_e5eba/fast' failed
make: *** [cmTC_e5eba/fast] Error 2


Determining if the Q_WS_WIN exist failed with the following output:
Change Dir: /home/workspace/RoboND-DeepRL-Project/build/CMakeFiles/CMakeTmp

Run Build Command:"/usr/bin/make" "cmTC_e0354/fast"
/usr/bin/make -f CMakeFiles/cmTC_e0354.dir/build.make CMakeFiles/cmTC_e0354.dir/build
make[1]: Entering directory '/home/workspace/RoboND-DeepRL-Project/build/CMakeFiles/CMakeTmp'
Building CXX object CMakeFiles/cmTC_e0354.dir/CheckSymbolExists.cxx.o
/usr/bin/c++   -I/usr/include/qt4  -std=c++11    -o CMakeFiles/cmTC_e0354.dir/CheckSymbolExists.cxx.o -c /home/workspace/RoboND-DeepRL-Project/build/CMakeFiles/CMakeTmp/CheckSymbolExists.cxx
/home/workspace/RoboND-DeepRL-Project/build/CMakeFiles/CMakeTmp/CheckSymbolExists.cxx: In function 'int main(int, char**)':
/home/workspace/RoboND-DeepRL-Project/build/CMakeFiles/CMakeTmp/CheckSymbolExists.cxx:8:19: error: 'Q_WS_WIN' was not declared in this scope
   return ((int*)(&Q_WS_WIN))[argc];
                   ^
CMakeFiles/cmTC_e0354.dir/build.make:65: recipe for target 'CMakeFiles/cmTC_e0354.dir/CheckSymbolExists.cxx.o' failed
make[1]: *** [CMakeFiles/cmTC_e0354.dir/CheckSymbolExists.cxx.o] Error 1
make[1]: Leaving directory '/home/workspace/RoboND-DeepRL-Project/build/CMakeFiles/CMakeTmp'
Makefile:121: recipe for target 'cmTC_e0354/fast' failed
make: *** [cmTC_e0354/fast] Error 2

File /home/workspace/RoboND-DeepRL-Project/build/CMakeFiles/CMakeTmp/CheckSymbolExists.cxx:
/* */
#include <QtCore/qglobal.h>

int main(int argc, char** argv)
{
  (void)argv;
#ifndef Q_WS_WIN
  return ((int*)(&Q_WS_WIN))[argc];
#else
  (void)argc;
  return 0;
#endif
}

Determining if the Q_WS_QWS exist failed with the following output:
Change Dir: /home/workspace/RoboND-DeepRL-Project/build/CMakeFiles/CMakeTmp

Run Build Command:"/usr/bin/make" "cmTC_2e4cd/fast"
/usr/bin/make -f CMakeFiles/cmTC_2e4cd.dir/build.make CMakeFiles/cmTC_2e4cd.dir/build
make[1]: Entering directory '/home/workspace/RoboND-DeepRL-Project/build/CMakeFiles/CMakeTmp'
Building CXX object CMakeFiles/cmTC_2e4cd.dir/CheckSymbolExists.cxx.o
/usr/bin/c++   -I/usr/include/qt4  -std=c++11    -o CMakeFiles/cmTC_2e4cd.dir/CheckSymbolExists.cxx.o -c /home/workspace/RoboND-DeepRL-Project/build/CMakeFiles/CMakeTmp/CheckSymbolExists.cxx
/home/workspace/RoboND-DeepRL-Project/build/CMakeFiles/CMakeTmp/CheckSymbolExists.cxx: In function 'int main(int, char**)':
/home/workspace/RoboND-DeepRL-Project/build/CMakeFiles/CMakeTmp/CheckSymbolExists.cxx:8:19: error: 'Q_WS_QWS' was not declared in this scope
   return ((int*)(&Q_WS_QWS))[argc];
                   ^
CMakeFiles/cmTC_2e4cd.dir/build.make:65: recipe for target 'CMakeFiles/cmTC_2e4cd.dir/CheckSymbolExists.cxx.o' failed
make[1]: *** [CMakeFiles/cmTC_2e4cd.dir/CheckSymbolExists.cxx.o] Error 1
make[1]: Leaving directory '/home/workspace/RoboND-DeepRL-Project/build/CMakeFiles/CMakeTmp'
Makefile:121: recipe for target 'cmTC_2e4cd/fast' failed
make: *** [cmTC_2e4cd/fast] Error 2

File /home/workspace/RoboND-DeepRL-Project/build/CMakeFiles/CMakeTmp/CheckSymbolExists.cxx:
/* */
#include <QtCore/qglobal.h>

int main(int argc, char** argv)
{
  (void)argv;
#ifndef Q_WS_QWS
  return ((int*)(&Q_WS_QWS))[argc];
#else
  (void)argc;
  return 0;
#endif
}

Determining if the Q_WS_MAC exist failed with the following output:
Change Dir: /home/workspace/RoboND-DeepRL-Project/build/CMakeFiles/CMakeTmp

Run Build Command:"/usr/bin/make" "cmTC_a2bd6/fast"
/usr/bin/make -f CMakeFiles/cmTC_a2bd6.dir/build.make CMakeFiles/cmTC_a2bd6.dir/build
make[1]: Entering directory '/home/workspace/RoboND-DeepRL-Project/build/CMakeFiles/CMakeTmp'
Building CXX object CMakeFiles/cmTC_a2bd6.dir/CheckSymbolExists.cxx.o
/usr/bin/c++   -I/usr/include/qt4  -std=c++11    -o CMakeFiles/cmTC_a2bd6.dir/CheckSymbolExists.cxx.o -c /home/workspace/RoboND-DeepRL-Project/build/CMakeFiles/CMakeTmp/CheckSymbolExists.cxx
/home/workspace/RoboND-DeepRL-Project/build/CMakeFiles/CMakeTmp/CheckSymbolExists.cxx: In function 'int main(int, char**)':
/home/workspace/RoboND-DeepRL-Project/build/CMakeFiles/CMakeTmp/CheckSymbolExists.cxx:8:19: error: 'Q_WS_MAC' was not declared in this scope
   return ((int*)(&Q_WS_MAC))[argc];
                   ^
CMakeFiles/cmTC_a2bd6.dir/build.make:65: recipe for target 'CMakeFiles/cmTC_a2bd6.dir/CheckSymbolExists.cxx.o' failed
make[1]: *** [CMakeFiles/cmTC_a2bd6.dir/CheckSymbolExists.cxx.o] Error 1
make[1]: Leaving directory '/home/workspace/RoboND-DeepRL-Project/build/CMakeFiles/CMakeTmp'
Makefile:121: recipe for target 'cmTC_a2bd6/fast' failed
make: *** [cmTC_a2bd6/fast] Error 2

File /home/workspace/RoboND-DeepRL-Project/build/CMakeFiles/CMakeTmp/CheckSymbolExists.cxx:
/* */
#include <QtCore/qglobal.h>

int main(int argc, char** argv)
{
  (void)argv;
#ifndef Q_WS_MAC
  return ((int*)(&Q_WS_MAC))[argc];
#else
  (void)argc;
  return 0;
#endif
}

